
> systemconcepts@2.1.4 dev
> next dev

▲ Next.js 16.1.1 (Turbopack)
- Local:         http://localhost:3000
- Network:       http://192.168.0.2:3000

✓ Starting...
Attention: Next.js now collects completely anonymous telemetry regarding usage.
This information is used to shape Next.js' roadmap and prioritize features.
You can learn more, including how to opt-out if you'd not like to participate in this anonymous program, by visiting the following URL:
https://nextjs.org/telemetry

✓ Ready in 1678ms
○ Compiling / ...
⨯ ./src/pages/TestResearch.js:4:1
Module not found: Can't resolve '@mui/styles'
[0m [90m 2 |[39m [36mimport[39m [33mPageIndicator[39m [36mfrom[39m [32m'@pages/Research/PageIndicator'[39m[33m;[39m
 [90m 3 |[39m [36mimport[39m [33mSearchResultItem[39m [36mfrom[39m [32m'@pages/Research/SearchResultItem'[39m[33m;[39m
[31m[1m>[22m[39m[90m 4 |[39m [36mimport[39m { [33mStylesProvider[39m } [36mfrom[39m [32m"@mui/styles"[39m[33m;[39m
 [90m   |[39m [31m[1m^[22m[39m[31m[1m^[22m[39m[31m[1m^[22m[39m[31m[1m^[22m[39m[31m[1m^[22m[39m[31m[1m^[22m[39m[31m[1m^[22m[39m[31m[1m^[22m[39m[31m[1m^[22m[39m[31m[1m^[22m[39m[31m[1m^[22m[39m[31m[1m^[22m[39m[31m[1m^[22m[39m[31m[1m^[22m[39m[31m[1m^[22m[39m[31m[1m^[22m[39m[31m[1m^[22m[39m[31m[1m^[22m[39m[31m[1m^[22m[39m[31m[1m^[22m[39m[31m[1m^[22m[39m[31m[1m^[22m[39m[31m[1m^[22m[39m[31m[1m^[22m[39m[31m[1m^[22m[39m[31m[1m^[22m[39m[31m[1m^[22m[39m[31m[1m^[22m[39m[31m[1m^[22m[39m[31m[1m^[22m[39m[31m[1m^[22m[39m[31m[1m^[22m[39m[31m[1m^[22m[39m[31m[1m^[22m[39m[31m[1m^[22m[39m[31m[1m^[22m[39m[31m[1m^[22m[39m[31m[1m^[22m[39m[31m[1m^[22m[39m[31m[1m^[22m[39m[31m[1m^[22m[39m[31m[1m^[22m[39m[31m[1m^[22m[39m[31m[1m^[22m[39m[31m[1m^[22m[39m
 [90m 5 |[39m
 [90m 6 |[39m [36mexport[39m [36mdefault[39m [36mfunction[39m [33mTestResearch[39m() {
 [90m 7 |[39m     [36mconst[39m mockTranslations [33m=[39m { [33mPAGE[39m[33m:[39m [32m"Page"[39m }[33m;[39m[0m



Import traces:
  Browser:
    ./src/pages/TestResearch.js
    ./src/data/pages.js
    ./src/util/pages.js
    ./src/components/Head.js
    ./src/components/App.js
    ./pages/index.js

  SSR:
    ./src/pages/TestResearch.js
    ./src/data/pages.js
    ./src/util/pages.js
    ./src/components/Head.js
    ./src/components/App.js
    ./pages/index.js

https://nextjs.org/docs/messages/module-not-found


⨯ ./src/pages/TestResearch.js:4:1
Module not found: Can't resolve '@mui/styles'
[0m [90m 2 |[39m [36mimport[39m [33mPageIndicator[39m [36mfrom[39m [32m'@pages/Research/PageIndicator'[39m[33m;[39m
 [90m 3 |[39m [36mimport[39m [33mSearchResultItem[39m [36mfrom[39m [32m'@pages/Research/SearchResultItem'[39m[33m;[39m
[31m[1m>[22m[39m[90m 4 |[39m [36mimport[39m { [33mStylesProvider[39m } [36mfrom[39m [32m"@mui/styles"[39m[33m;[39m
 [90m   |[39m [31m[1m^[22m[39m[31m[1m^[22m[39m[31m[1m^[22m[39m[31m[1m^[22m[39m[31m[1m^[22m[39m[31m[1m^[22m[39m[31m[1m^[22m[39m[31m[1m^[22m[39m[31m[1m^[22m[39m[31m[1m^[22m[39m[31m[1m^[22m[39m[31m[1m^[22m[39m[31m[1m^[22m[39m[31m[1m^[22m[39m[31m[1m^[22m[39m[31m[1m^[22m[39m[31m[1m^[22m[39m[31m[1m^[22m[39m[31m[1m^[22m[39m[31m[1m^[22m[39m[31m[1m^[22m[39m[31m[1m^[22m[39m[31m[1m^[22m[39m[31m[1m^[22m[39m[31m[1m^[22m[39m[31m[1m^[22m[39m[31m[1m^[22m[39m[31m[1m^[22m[39m[31m[1m^[22m[39m[31m[1m^[22m[39m[31m[1m^[22m[39m[31m[1m^[22m[39m[31m[1m^[22m[39m[31m[1m^[22m[39m[31m[1m^[22m[39m[31m[1m^[22m[39m[31m[1m^[22m[39m[31m[1m^[22m[39m[31m[1m^[22m[39m[31m[1m^[22m[39m[31m[1m^[22m[39m[31m[1m^[22m[39m[31m[1m^[22m[39m[31m[1m^[22m[39m[31m[1m^[22m[39m
 [90m 5 |[39m
 [90m 6 |[39m [36mexport[39m [36mdefault[39m [36mfunction[39m [33mTestResearch[39m() {
 [90m 7 |[39m     [36mconst[39m mockTranslations [33m=[39m { [33mPAGE[39m[33m:[39m [32m"Page"[39m }[33m;[39m[0m



Import traces:
  Browser:
    ./src/pages/TestResearch.js
    ./src/data/pages.js
    ./src/util/pages.js
    ./src/components/Head.js
    ./src/components/App.js
    ./pages/index.js

  SSR:
    ./src/pages/TestResearch.js
    ./src/data/pages.js
    ./src/util/pages.js
    ./src/components/Head.js
    ./src/components/App.js
    ./pages/index.js

https://nextjs.org/docs/messages/module-not-found


⨯ ./src/pages/TestResearch.js:4:1
Module not found: Can't resolve '@mui/styles'
[0m [90m 2 |[39m [36mimport[39m [33mPageIndicator[39m [36mfrom[39m [32m'@pages/Research/PageIndicator'[39m[33m;[39m
 [90m 3 |[39m [36mimport[39m [33mSearchResultItem[39m [36mfrom[39m [32m'@pages/Research/SearchResultItem'[39m[33m;[39m
[31m[1m>[22m[39m[90m 4 |[39m [36mimport[39m { [33mStylesProvider[39m } [36mfrom[39m [32m"@mui/styles"[39m[33m;[39m
 [90m   |[39m [31m[1m^[22m[39m[31m[1m^[22m[39m[31m[1m^[22m[39m[31m[1m^[22m[39m[31m[1m^[22m[39m[31m[1m^[22m[39m[31m[1m^[22m[39m[31m[1m^[22m[39m[31m[1m^[22m[39m[31m[1m^[22m[39m[31m[1m^[22m[39m[31m[1m^[22m[39m[31m[1m^[22m[39m[31m[1m^[22m[39m[31m[1m^[22m[39m[31m[1m^[22m[39m[31m[1m^[22m[39m[31m[1m^[22m[39m[31m[1m^[22m[39m[31m[1m^[22m[39m[31m[1m^[22m[39m[31m[1m^[22m[39m[31m[1m^[22m[39m[31m[1m^[22m[39m[31m[1m^[22m[39m[31m[1m^[22m[39m[31m[1m^[22m[39m[31m[1m^[22m[39m[31m[1m^[22m[39m[31m[1m^[22m[39m[31m[1m^[22m[39m[31m[1m^[22m[39m[31m[1m^[22m[39m[31m[1m^[22m[39m[31m[1m^[22m[39m[31m[1m^[22m[39m[31m[1m^[22m[39m[31m[1m^[22m[39m[31m[1m^[22m[39m[31m[1m^[22m[39m[31m[1m^[22m[39m[31m[1m^[22m[39m[31m[1m^[22m[39m[31m[1m^[22m[39m[31m[1m^[22m[39m
 [90m 5 |[39m
 [90m 6 |[39m [36mexport[39m [36mdefault[39m [36mfunction[39m [33mTestResearch[39m() {
 [90m 7 |[39m     [36mconst[39m mockTranslations [33m=[39m { [33mPAGE[39m[33m:[39m [32m"Page"[39m }[33m;[39m[0m



Import traces:
  Browser:
    ./src/pages/TestResearch.js
    ./src/data/pages.js
    ./src/util/pages.js
    ./src/components/Head.js
    ./src/components/App.js
    ./pages/index.js

  SSR:
    ./src/pages/TestResearch.js
    ./src/data/pages.js
    ./src/util/pages.js
    ./src/components/Head.js
    ./src/components/App.js
    ./pages/index.js

https://nextjs.org/docs/messages/module-not-found


 GET / 500 in 16.5s (compile: 16.2s, render: 268ms)
✓ Compiled in 74ms
 GET / 200 in 1262ms (compile: 604ms, render: 658ms)
✓ Compiled in 9ms
 GET / 200 in 503ms (compile: 271ms, render: 231ms)
✓ Compiled in 440ms
✓ Compiled in 128ms
[?25h
